<?xml version="1.0" encoding="UTF-8"?>
<!-- Generated by org.testng.reporters.JUnitReportReporter -->
<testsuite hostname="LAPTOP-FPCUSTS4" failures="0" tests="9" name="login1.Leetcode" time="37.383" errors="0" timestamp="2021-04-07T22:34:55 IST" skipped="0">
  <testcase classname="login1.Leetcode" name="f" time="11.151"/>
  <system-out/>
  <testcase classname="login1.Leetcode" name="f1" time="0.576"/>
  <system-out/>
  <testcase classname="login1.Leetcode" name="f2" time="3.142"/>
  <system-out/>
  <testcase classname="login1.Leetcode" name="fp" time="0.002"/>
  <system-out/>
  <testcase classname="login1.Leetcode" name="f4" time="15.370"/>
  <system-out/>
  <testcase classname="login1.Leetcode" name="f5" time="0.029"/>
  <system-out/>
  <testcase classname="login1.Leetcode" name="f6" time="7.090"/>
  <system-out/>
  <testcase classname="login1.Leetcode" name="f7" time="0.016"/>
  <system-out/>
  <testcase classname="login1.Leetcode" name="fpv" time="0.007"/>
  <system-out/>
</testsuite> <!-- login1.Leetcode -->
