<?xml version="1.0" encoding="UTF-8"?>
<!-- Generated by org.testng.reporters.JUnitReportReporter -->
<testsuite hostname="LAPTOP-FPCUSTS4" failures="0" tests="3" name="login.DataProviderExample" time="55.258" errors="0" timestamp="2021-04-07T17:58:51 IST" skipped="0">
  <testcase classname="login.DataProviderExample" name="loginToApplication" time="15.195"/>
  <system-out/>
  <testcase classname="login.DataProviderExample" name="loginToApplication" time="25.269"/>
  <system-out/>
  <testcase classname="login.DataProviderExample" name="loginToApplication" time="14.794"/>
  <system-out/>
</testsuite> <!-- login.DataProviderExample -->
