<?xml version="1.0" encoding="UTF-8"?>
<!-- Generated by org.testng.reporters.JUnitReportReporter -->
<testsuite hostname="LAPTOP-FPCUSTS4" failures="0" tests="3" name="login1.DataProviderExample" time="130.458" errors="0" timestamp="2021-04-07T22:34:55 IST" skipped="0">
  <testcase classname="login1.DataProviderExample" name="loginToApplication" time="30.135"/>
  <system-out/>
  <testcase classname="login1.DataProviderExample" name="loginToApplication" time="40.139"/>
  <system-out/>
  <testcase classname="login1.DataProviderExample" name="loginToApplication" time="60.184"/>
  <system-out/>
</testsuite> <!-- login1.DataProviderExample -->
