<?xml version="1.0" encoding="UTF-8"?>
<!-- Generated by org.testng.reporters.JUnitReportReporter -->
<testsuite hostname="LAPTOP-FPCUSTS4" failures="0" tests="1" name="logout.LogOut" time="0.002" errors="0" timestamp="2021-04-07T15:12:55 IST" skipped="0">
  <testcase classname="logout.LogOut" name="f8" time="0.002"/>
  <system-out/>
</testsuite> <!-- logout.LogOut -->
