<?xml version="1.0" encoding="UTF-8"?>
<!-- Generated by org.testng.reporters.JUnitReportReporter -->
<testsuite hostname="LAPTOP-FPCUSTS4" failures="0" tests="5" name="login.Leetcode" time="16.438" errors="0" timestamp="2021-04-06T00:01:39 IST" skipped="0">
  <testcase classname="login.Leetcode" name="f" time="7.999"/>
  <system-out/>
  <testcase classname="login.Leetcode" name="f1" time="0.336"/>
  <system-out/>
  <testcase classname="login.Leetcode" name="f2" time="0.340"/>
  <system-out/>
  <testcase classname="login.Leetcode" name="f3" time="0.126"/>
  <system-out/>
  <testcase classname="login.Leetcode" name="f4" time="7.637"/>
  <system-out/>
</testsuite> <!-- login.Leetcode -->
